TN:
SF:/home/juan/projects/belatrix/src/js/vendors.js
FNF:0
FNH:0
DA:4,1
DA:5,1
DA:6,1
DA:7,1
DA:8,1
DA:9,1
DA:10,1
DA:11,1
DA:12,1
LF:9
LH:9
BRF:0
BRH:0
end_of_record
TN:
SF:/home/juan/projects/belatrix/src/js/app.js
FN:15,(anonymous_1)
FNF:1
FNH:0
FNDA:0,(anonymous_1)
DA:5,1
DA:6,1
DA:7,1
DA:12,1
DA:16,0
DA:30,1
DA:31,1
DA:32,1
LF:8
LH:7
BRF:0
BRH:0
end_of_record
TN:
SF:/home/juan/projects/belatrix/src/js/directives/mdTable.js
FN:4,(anonymous_1)
FN:6,(anonymous_2)
FN:7,(anonymous_3)
FNF:3
FNH:0
FNDA:0,(anonymous_1)
FNDA:0,(anonymous_2)
FNDA:0,(anonymous_3)
DA:2,1
DA:4,1
DA:5,0
DA:7,0
DA:8,0
DA:15,1
LF:6
LH:3
BRF:0
BRH:0
end_of_record
TN:
SF:/home/juan/projects/belatrix/src/js/controllers/DirectorsCtrl.js
FN:4,DirectorsCtrl
FN:31,(anonymous_2)
FNF:2
FNH:0
FNDA:0,DirectorsCtrl
FNDA:0,(anonymous_2)
DA:1,1
DA:2,1
DA:4,1
DA:6,0
DA:8,0
DA:31,0
DA:32,0
DA:33,0
DA:35,0
DA:40,1
DA:42,1
LF:11
LH:5
BRDA:32,1,0,0
BRDA:32,1,1,0
BRF:2
BRH:0
end_of_record
TN:
SF:/home/juan/projects/belatrix/src/js/controllers/DirectorDetailCtrl.js
FN:3,DirectorDetail
FNF:1
FNH:0
FNDA:0,DirectorDetail
DA:1,1
DA:3,1
DA:4,0
DA:5,0
DA:7,1
LF:5
LH:3
BRF:0
BRH:0
end_of_record
